This is pdfTeX, Version 3.14159265-2.6-1.40.19 (TeX Live 2018) (preloaded format=pdflatex 2019.4.22)  5 JAN 2020 14:50
entering extended mode
 \write18 enabled.
 file:line:error style messages enabled.
 %&-line parsing enabled.
**Web-architechture-rapport.tex
(./Web-architechture-rapport.tex
LaTeX2e <2018-04-01> patch level 2
Babel <3.18> and hyphenation patterns for 84 language(s) loaded.
(/usr/local/texlive/2018/texmf-dist/tex/latex/base/report.cls
Document Class: report 2014/09/29 v1.4h Standard LaTeX document class
(/usr/local/texlive/2018/texmf-dist/tex/latex/base/size12.clo
File: size12.clo 2014/09/29 v1.4h Standard LaTeX file (size option)
)
\c@part=\count80
\c@chapter=\count81
\c@section=\count82
\c@subsection=\count83
\c@subsubsection=\count84
\c@paragraph=\count85
\c@subparagraph=\count86
\c@figure=\count87
\c@table=\count88
\abovecaptionskip=\skip41
\belowcaptionskip=\skip42
\bibindent=\dimen102
) (/usr/local/texlive/2018/texmf-dist/tex/latex/makecell/makecell.sty
Package: makecell 2009/08/03 V0.1e Managing of Tab Column Heads and Cells
 (/usr/local/texlive/2018/texmf-dist/tex/latex/tools/array.sty
Package: array 2018/04/07 v2.4g Tabular extension package (FMi)
\col@sep=\dimen103
\ar@mcellbox=\box26
\extrarowheight=\dimen104
\NC@list=\toks14
\extratabsurround=\skip43
\backup@length=\skip44
\ar@cellbox=\box27
)
\rotheadsize=\dimen105
\c@nlinenum=\count89
\TeXr@lab=\toks15
) (/usr/local/texlive/2018/texmf-dist/tex/latex/tools/tabularx.sty
Package: tabularx 2016/02/03 v2.11b `tabularx' package (DPC)
\TX@col@width=\dimen106
\TX@old@table=\dimen107
\TX@old@col=\dimen108
\TX@target=\dimen109
\TX@delta=\dimen110
\TX@cols=\count90
\TX@ftn=\toks16
) (/usr/local/texlive/2018/texmf-dist/tex/latex/cellspace/cellspace.sty
Package: cellspace 2017/08/12 v1.7 Spacing table cells (JN)
 (/usr/local/texlive/2018/texmf-dist/tex/latex/base/ifthen.sty
Package: ifthen 2014/09/29 v1.1c Standard LaTeX ifthen package (DPC)
) (/usr/local/texlive/2018/texmf-dist/tex/latex/tools/calc.sty
Package: calc 2017/05/25 v4.3 Infix arithmetic (KKT,FJ)
\calc@Acount=\count91
\calc@Bcount=\count92
\calc@Adimen=\dimen111
\calc@Bdimen=\dimen112
\calc@Askip=\skip45
\calc@Bskip=\skip46
LaTeX Info: Redefining \setlength on input line 80.
LaTeX Info: Redefining \addtolength on input line 81.
\calc@Ccount=\count93
\calc@Cskip=\skip47
) (/usr/local/texlive/2018/texmf-dist/tex/latex/xkeyval/xkeyval.sty
Package: xkeyval 2014/12/03 v2.7a package option processing (HA)
 (/usr/local/texlive/2018/texmf-dist/tex/generic/xkeyval/xkeyval.tex (/usr/local/texlive/2018/texmf-dist/tex/generic/xkeyval/xkvutils.tex
\XKV@toks=\toks17
\XKV@tempa@toks=\toks18
 (/usr/local/texlive/2018/texmf-dist/tex/generic/xkeyval/keyval.tex))
\XKV@depth=\count94
File: xkeyval.tex 2014/12/03 v2.7a key=value parser (HA)
))
\cellspacetoplimit=\dimen113
\cellspacebottomlimit=\dimen114
\cellspace@firstht=\dimen115
\cellspace@lastdp=\dimen116
) (/usr/local/texlive/2018/texmf-dist/tex/latex/base/inputenc.sty
Package: inputenc 2018/04/06 v1.3b Input encoding file
\inpenc@prehook=\toks19
\inpenc@posthook=\toks20
) (/usr/local/texlive/2018/texmf-dist/tex/latex/base/fontenc.sty
Package: fontenc 2017/04/05 v2.0i Standard LaTeX package
 (/usr/local/texlive/2018/texmf-dist/tex/latex/base/t1enc.def
File: t1enc.def 2017/04/05 v2.0i Standard LaTeX file
LaTeX Font Info:    Redeclaring font encoding T1 on input line 48.
)) (/usr/local/texlive/2018/texmf-dist/tex/generic/babel/babel.sty
Package: babel 2018/02/14 3.18 The Babel package
 (/usr/local/texlive/2018/texmf-dist/tex/generic/babel/switch.def
File: switch.def 2018/02/14 3.18 Babel switching mechanism
) (/usr/local/texlive/2018/texmf-dist/tex/generic/babel-english/english.ldf
Language: english 2017/06/06 v3.3r English support from the babel system
 (/usr/local/texlive/2018/texmf-dist/tex/generic/babel/babel.def
File: babel.def 2018/02/14 3.18 Babel common definitions
\babel@savecnt=\count95
\U@D=\dimen117
 (/usr/local/texlive/2018/texmf-dist/tex/generic/babel/txtbabel.def)
\bbl@dirlevel=\count96
)
\l@canadian = a dialect from \language\l@american 
\l@australian = a dialect from \language\l@british 
\l@newzealand = a dialect from \language\l@british 
)) (/usr/local/texlive/2018/texmf-dist/tex/latex/titlepic/titlepic.sty
Package: titlepic 2017/03/14 1.2 Package to display a picture on the title page
) (/usr/local/texlive/2018/texmf-dist/tex/latex/graphics/graphicx.sty
Package: graphicx 2017/06/01 v1.1a Enhanced LaTeX Graphics (DPC,SPQR)
 (/usr/local/texlive/2018/texmf-dist/tex/latex/graphics/graphics.sty
Package: graphics 2017/06/25 v1.2c Standard LaTeX Graphics (DPC,SPQR)
 (/usr/local/texlive/2018/texmf-dist/tex/latex/graphics/trig.sty
Package: trig 2016/01/03 v1.10 sin cos tan (DPC)
) (/usr/local/texlive/2018/texmf-dist/tex/latex/graphics-cfg/graphics.cfg
File: graphics.cfg 2016/06/04 v1.11 sample graphics configuration
)
Package graphics Info: Driver file: pdftex.def on input line 99.
 (/usr/local/texlive/2018/texmf-dist/tex/latex/graphics-def/pdftex.def
File: pdftex.def 2018/01/08 v1.0l Graphics/color driver for pdftex
))
\Gin@req@height=\dimen118
\Gin@req@width=\dimen119
) (/usr/local/texlive/2018/texmf-dist/tex/latex/moresize/moresize.sty
Package: moresize 1999/07/26 v1.9 (more font sizes)
) (/usr/local/texlive/2018/texmf-dist/tex/latex/eso-pic/eso-pic.sty
Package: eso-pic 2015/07/21 v2.0g eso-pic (RN)
 (/usr/local/texlive/2018/texmf-dist/tex/generic/oberdiek/atbegshi.sty
Package: atbegshi 2016/06/09 v1.18 At begin shipout hook (HO)
 (/usr/local/texlive/2018/texmf-dist/tex/generic/oberdiek/infwarerr.sty
Package: infwarerr 2016/05/16 v1.4 Providing info/warning/error messages (HO)
) (/usr/local/texlive/2018/texmf-dist/tex/generic/oberdiek/ltxcmds.sty
Package: ltxcmds 2016/05/16 v1.23 LaTeX kernel commands for general use (HO)
)
(/usr/local/texlive/2018/texmf-dist/tex/generic/oberdiek/ifpdf.sty
Package: ifpdf 2017/03/15 v3.2 Provides the ifpdf switch
)) (/usr/local/texlive/2018/texmf-dist/tex/latex/xcolor/xcolor.sty
Package: xcolor 2016/05/11 v2.12 LaTeX color extensions (UK)
 (/usr/local/texlive/2018/texmf-dist/tex/latex/graphics-cfg/color.cfg
File: color.cfg 2016/01/02 v1.6 sample color configuration
)
Package xcolor Info: Driver file: pdftex.def on input line 225.
Package xcolor Info: Model `cmy' substituted by `cmy0' on input line 1348.
Package xcolor Info: Model `hsb' substituted by `rgb' on input line 1352.
Package xcolor Info: Model `RGB' extended on input line 1364.
Package xcolor Info: Model `HTML' substituted by `rgb' on input line 1366.
Package xcolor Info: Model `Hsb' substituted by `hsb' on input line 1367.
Package xcolor Info: Model `tHsb' substituted by `hsb' on input line 1368.
Package xcolor Info: Model `HSB' substituted by `hsb' on input line 1369.
Package xcolor Info: Model `Gray' substituted by `gray' on input line 1370.
Package xcolor Info: Model `wave' substituted by `hsb' on input line 1371.
)) (/usr/local/texlive/2018/texmf-dist/tex/latex/adjustbox/adjustbox.sty
Package: adjustbox 2018/04/08 v1.1 Adjusting TeX boxes (trim, clip, ...)
 (/usr/local/texlive/2018/texmf-dist/tex/latex/adjustbox/adjcalc.sty
Package: adjcalc 2012/05/16 v1.1 Provides advanced setlength with multiple back-ends (calc, etex, pgfmath)
) (/usr/local/texlive/2018/texmf-dist/tex/latex/adjustbox/trimclip.sty
Package: trimclip 2018/04/08 v1.1 Trim and clip general TeX material
 (/usr/local/texlive/2018/texmf-dist/tex/latex/collectbox/collectbox.sty
Package: collectbox 2012/05/17 v0.4b Collect macro arguments as boxes
\collectedbox=\box28
)
\tc@llx=\dimen120
\tc@lly=\dimen121
\tc@urx=\dimen122
\tc@ury=\dimen123
Package trimclip Info: Using driver 'tc-pdftex.def'.
 (/usr/local/texlive/2018/texmf-dist/tex/latex/adjustbox/tc-pdftex.def
File: tc-pdftex.def 2018/04/08 v2.1 Clipping driver for pdftex
))
\adjbox@Width=\dimen124
\adjbox@Height=\dimen125
\adjbox@Depth=\dimen126
\adjbox@Totalheight=\dimen127
\adjbox@pwidth=\dimen128
\adjbox@pheight=\dimen129
\adjbox@pdepth=\dimen130
\adjbox@ptotalheight=\dimen131
 (/usr/local/texlive/2018/texmf-dist/tex/latex/ifoddpage/ifoddpage.sty
Package: ifoddpage 2016/04/23 v1.1 Conditionals for odd/even page detection
\c@checkoddpage=\count97
) (/usr/local/texlive/2018/texmf-dist/tex/latex/varwidth/varwidth.sty
Package: varwidth 2009/03/30 ver 0.92;  Variable-width minipages
\@vwid@box=\box29
\sift@deathcycles=\count98
\@vwid@loff=\dimen132
\@vwid@roff=\dimen133
)) (/usr/local/texlive/2018/texmf-dist/tex/latex/fancyhdr/fancyhdr.sty
Package: fancyhdr 2017/06/30 v3.9a Extensive control of page headers and footers
\f@nch@headwidth=\skip48
\f@nch@O@elh=\skip49
\f@nch@O@erh=\skip50
\f@nch@O@olh=\skip51
\f@nch@O@orh=\skip52
\f@nch@O@elf=\skip53
\f@nch@O@erf=\skip54
\f@nch@O@olf=\skip55
\f@nch@O@orf=\skip56
) (/usr/local/texlive/2018/texmf-dist/tex/latex/vmargin/vmargin.sty
Package: vmargin 2004/07/15 V2.5 set document margins (VK)

Package: vmargin 2004/07/15 V2.5 set document margins (VK)
\PaperWidth=\dimen134
\PaperHeight=\dimen135
) (/usr/local/texlive/2018/texmf-dist/tex/latex/titlesec/titlesec.sty
Package: titlesec 2016/03/21 v2.10.2 Sectioning titles
\ttl@box=\box30
\beforetitleunit=\skip57
\aftertitleunit=\skip58
\ttl@plus=\dimen136
\ttl@minus=\dimen137
\ttl@toksa=\toks21
\titlewidth=\dimen138
\titlewidthlast=\dimen139
\titlewidthfirst=\dimen140
) (/usr/local/texlive/2018/texmf-dist/tex/latex/textpos/textpos.sty
Package: textpos 2016/06/07 v1.8

Package: textpos 2016/06/07 1.8, absolute positioning of text on the page
\TP@textbox=\box31
\TPHorizModule=\dimen141
\TPVertModule=\dimen142
\TP@margin=\dimen143
\TP@absmargin=\dimen144
Grid set 16 x 16 = 37.38425pt x 52.86877pt
\TPboxrulesize=\dimen145
\TP@tbargs=\toks22
\TP@prevdepth=\dimen146
) (/usr/local/texlive/2018/texmf-dist/tex/latex/minted/minted.sty
Package: minted 2017/07/19 v2.5 Yet another Pygments shim for LaTeX
 (/usr/local/texlive/2018/texmf-dist/tex/latex/oberdiek/kvoptions.sty
Package: kvoptions 2016/05/16 v3.12 Key value format for package options (HO)
 (/usr/local/texlive/2018/texmf-dist/tex/generic/oberdiek/kvsetkeys.sty
Package: kvsetkeys 2016/05/16 v1.17 Key value parser (HO)
 (/usr/local/texlive/2018/texmf-dist/tex/generic/oberdiek/etexcmds.sty
Package: etexcmds 2016/05/16 v1.6 Avoid name clashes with e-TeX commands (HO)
 (/usr/local/texlive/2018/texmf-dist/tex/generic/oberdiek/ifluatex.sty
Package: ifluatex 2016/05/16 v1.4 Provides the ifluatex switch (HO)
Package ifluatex Info: LuaTeX not detected.
)
Package etexcmds Info: Could not find \expanded.
(etexcmds)             That can mean that you are not using pdfTeX 1.50 or
(etexcmds)             that some package has redefined \expanded.
(etexcmds)             In the latter case, load this package earlier.
))) (/usr/local/texlive/2018/texmf-dist/tex/latex/fvextra/fvextra.sty
Package: fvextra 2017/07/08 v1.3.1 fvextra - extensions and patches for fancyvrb
 (/usr/local/texlive/2018/texmf-dist/tex/latex/etoolbox/etoolbox.sty
Package: etoolbox 2018/02/11 v2.5e e-TeX tools for LaTeX (JAW)
\etb@tempcnta=\count99
) (/usr/local/texlive/2018/texmf-dist/tex/latex/fancyvrb/fancyvrb.sty
Package: fancyvrb 2008/02/07
 Style option: `fancyvrb' v2.7a, with DG/SPQR fixes, and firstline=lastline fix <2008/02/07> (tvz)
\FV@CodeLineNo=\count100
\FV@InFile=\read1
\FV@TabBox=\box32
\c@FancyVerbLine=\count101
\FV@StepNumber=\count102
\FV@OutFile=\write3
) (/usr/local/texlive/2018/texmf-dist/tex/latex/upquote/upquote.sty
Package: upquote 2012/04/19 v1.3 upright-quote and grave-accent glyphs in verbatim
 (/usr/local/texlive/2018/texmf-dist/tex/latex/base/textcomp.sty
Package: textcomp 2017/04/05 v2.0i Standard LaTeX package
Package textcomp Info: Sub-encoding information:
(textcomp)               5 = only ISO-Adobe without \textcurrency
(textcomp)               4 = 5 + \texteuro
(textcomp)               3 = 4 + \textohm
(textcomp)               2 = 3 + \textestimated + \textcurrency
(textcomp)               1 = TS1 - \textcircled - \t
(textcomp)               0 = TS1 (full)
(textcomp)             Font families with sub-encoding setting implement
(textcomp)             only a restricted character set as indicated.
(textcomp)             Family '?' is the default used for unknown fonts.
(textcomp)             See the documentation for details.
Package textcomp Info: Setting ? sub-encoding to TS1/1 on input line 79.
 (/usr/local/texlive/2018/texmf-dist/tex/latex/base/ts1enc.def
File: ts1enc.def 2001/06/05 v3.0e (jk/car/fm) Standard LaTeX file
Now handling font encoding TS1 ...
... processing UTF-8 mapping file for font encoding TS1
 (/usr/local/texlive/2018/texmf-dist/tex/latex/base/ts1enc.dfu
File: ts1enc.dfu 2018/04/05 v1.2c UTF-8 support for inputenc
   defining Unicode char U+00A2 (decimal 162)
   defining Unicode char U+00A3 (decimal 163)
   defining Unicode char U+00A4 (decimal 164)
   defining Unicode char U+00A5 (decimal 165)
   defining Unicode char U+00A6 (decimal 166)
   defining Unicode char U+00A7 (decimal 167)
   defining Unicode char U+00A8 (decimal 168)
   defining Unicode char U+00A9 (decimal 169)
   defining Unicode char U+00AA (decimal 170)
   defining Unicode char U+00AC (decimal 172)
   defining Unicode char U+00AE (decimal 174)
   defining Unicode char U+00AF (decimal 175)
   defining Unicode char U+00B0 (decimal 176)
   defining Unicode char U+00B1 (decimal 177)
   defining Unicode char U+00B2 (decimal 178)
   defining Unicode char U+00B3 (decimal 179)
   defining Unicode char U+00B4 (decimal 180)
   defining Unicode char U+00B5 (decimal 181)
   defining Unicode char U+00B6 (decimal 182)
   defining Unicode char U+00B7 (decimal 183)
   defining Unicode char U+00B9 (decimal 185)
   defining Unicode char U+00BA (decimal 186)
   defining Unicode char U+00BC (decimal 188)
   defining Unicode char U+00BD (decimal 189)
   defining Unicode char U+00BE (decimal 190)
   defining Unicode char U+00D7 (decimal 215)
   defining Unicode char U+00F7 (decimal 247)
   defining Unicode char U+0192 (decimal 402)
   defining Unicode char U+02C7 (decimal 711)
   defining Unicode char U+02D8 (decimal 728)
   defining Unicode char U+02DD (decimal 733)
   defining Unicode char U+0E3F (decimal 3647)
   defining Unicode char U+2016 (decimal 8214)
   defining Unicode char U+2020 (decimal 8224)
   defining Unicode char U+2021 (decimal 8225)
   defining Unicode char U+2022 (decimal 8226)
   defining Unicode char U+2030 (decimal 8240)
   defining Unicode char U+2031 (decimal 8241)
   defining Unicode char U+203B (decimal 8251)
   defining Unicode char U+203D (decimal 8253)
   defining Unicode char U+2044 (decimal 8260)
   defining Unicode char U+204E (decimal 8270)
   defining Unicode char U+2052 (decimal 8274)
   defining Unicode char U+20A1 (decimal 8353)
   defining Unicode char U+20A4 (decimal 8356)
   defining Unicode char U+20A6 (decimal 8358)
   defining Unicode char U+20A9 (decimal 8361)
   defining Unicode char U+20AB (decimal 8363)
   defining Unicode char U+20AC (decimal 8364)
   defining Unicode char U+20B1 (decimal 8369)
   defining Unicode char U+2103 (decimal 8451)
   defining Unicode char U+2116 (decimal 8470)
   defining Unicode char U+2117 (decimal 8471)
   defining Unicode char U+211E (decimal 8478)
   defining Unicode char U+2120 (decimal 8480)
   defining Unicode char U+2122 (decimal 8482)
   defining Unicode char U+2126 (decimal 8486)
   defining Unicode char U+2127 (decimal 8487)
   defining Unicode char U+212E (decimal 8494)
   defining Unicode char U+2190 (decimal 8592)
   defining Unicode char U+2191 (decimal 8593)
   defining Unicode char U+2192 (decimal 8594)
   defining Unicode char U+2193 (decimal 8595)
   defining Unicode char U+2329 (decimal 9001)
   defining Unicode char U+232A (decimal 9002)
   defining Unicode char U+2422 (decimal 9250)
   defining Unicode char U+25E6 (decimal 9702)
   defining Unicode char U+25EF (decimal 9711)
   defining Unicode char U+266A (decimal 9834)
   defining Unicode char U+FEFF (decimal 65279)
))
LaTeX Info: Redefining \oldstylenums on input line 334.
Package textcomp Info: Setting cmr sub-encoding to TS1/0 on input line 349.
Package textcomp Info: Setting cmss sub-encoding to TS1/0 on input line 350.
Package textcomp Info: Setting cmtt sub-encoding to TS1/0 on input line 351.
Package textcomp Info: Setting cmvtt sub-encoding to TS1/0 on input line 352.
Package textcomp Info: Setting cmbr sub-encoding to TS1/0 on input line 353.
Package textcomp Info: Setting cmtl sub-encoding to TS1/0 on input line 354.
Package textcomp Info: Setting ccr sub-encoding to TS1/0 on input line 355.
Package textcomp Info: Setting ptm sub-encoding to TS1/4 on input line 356.
Package textcomp Info: Setting pcr sub-encoding to TS1/4 on input line 357.
Package textcomp Info: Setting phv sub-encoding to TS1/4 on input line 358.
Package textcomp Info: Setting ppl sub-encoding to TS1/3 on input line 359.
Package textcomp Info: Setting pag sub-encoding to TS1/4 on input line 360.
Package textcomp Info: Setting pbk sub-encoding to TS1/4 on input line 361.
Package textcomp Info: Setting pnc sub-encoding to TS1/4 on input line 362.
Package textcomp Info: Setting pzc sub-encoding to TS1/4 on input line 363.
Package textcomp Info: Setting bch sub-encoding to TS1/4 on input line 364.
Package textcomp Info: Setting put sub-encoding to TS1/5 on input line 365.
Package textcomp Info: Setting uag sub-encoding to TS1/5 on input line 366.
Package textcomp Info: Setting ugq sub-encoding to TS1/5 on input line 367.
Package textcomp Info: Setting ul8 sub-encoding to TS1/4 on input line 368.
Package textcomp Info: Setting ul9 sub-encoding to TS1/4 on input line 369.
Package textcomp Info: Setting augie sub-encoding to TS1/5 on input line 370.
Package textcomp Info: Setting dayrom sub-encoding to TS1/3 on input line 371.
Package textcomp Info: Setting dayroms sub-encoding to TS1/3 on input line 372.
Package textcomp Info: Setting pxr sub-encoding to TS1/0 on input line 373.
Package textcomp Info: Setting pxss sub-encoding to TS1/0 on input line 374.
Package textcomp Info: Setting pxtt sub-encoding to TS1/0 on input line 375.
Package textcomp Info: Setting txr sub-encoding to TS1/0 on input line 376.
Package textcomp Info: Setting txss sub-encoding to TS1/0 on input line 377.
Package textcomp Info: Setting txtt sub-encoding to TS1/0 on input line 378.
Package textcomp Info: Setting lmr sub-encoding to TS1/0 on input line 379.
Package textcomp Info: Setting lmdh sub-encoding to TS1/0 on input line 380.
Package textcomp Info: Setting lmss sub-encoding to TS1/0 on input line 381.
Package textcomp Info: Setting lmssq sub-encoding to TS1/0 on input line 382.
Package textcomp Info: Setting lmvtt sub-encoding to TS1/0 on input line 383.
Package textcomp Info: Setting lmtt sub-encoding to TS1/0 on input line 384.
Package textcomp Info: Setting qhv sub-encoding to TS1/0 on input line 385.
Package textcomp Info: Setting qag sub-encoding to TS1/0 on input line 386.
Package textcomp Info: Setting qbk sub-encoding to TS1/0 on input line 387.
Package textcomp Info: Setting qcr sub-encoding to TS1/0 on input line 388.
Package textcomp Info: Setting qcs sub-encoding to TS1/0 on input line 389.
Package textcomp Info: Setting qpl sub-encoding to TS1/0 on input line 390.
Package textcomp Info: Setting qtm sub-encoding to TS1/0 on input line 391.
Package textcomp Info: Setting qzc sub-encoding to TS1/0 on input line 392.
Package textcomp Info: Setting qhvc sub-encoding to TS1/0 on input line 393.
Package textcomp Info: Setting futs sub-encoding to TS1/4 on input line 394.
Package textcomp Info: Setting futx sub-encoding to TS1/4 on input line 395.
Package textcomp Info: Setting futj sub-encoding to TS1/4 on input line 396.
Package textcomp Info: Setting hlh sub-encoding to TS1/3 on input line 397.
Package textcomp Info: Setting hls sub-encoding to TS1/3 on input line 398.
Package textcomp Info: Setting hlst sub-encoding to TS1/3 on input line 399.
Package textcomp Info: Setting hlct sub-encoding to TS1/5 on input line 400.
Package textcomp Info: Setting hlx sub-encoding to TS1/5 on input line 401.
Package textcomp Info: Setting hlce sub-encoding to TS1/5 on input line 402.
Package textcomp Info: Setting hlcn sub-encoding to TS1/5 on input line 403.
Package textcomp Info: Setting hlcw sub-encoding to TS1/5 on input line 404.
Package textcomp Info: Setting hlcf sub-encoding to TS1/5 on input line 405.
Package textcomp Info: Setting pplx sub-encoding to TS1/3 on input line 406.
Package textcomp Info: Setting pplj sub-encoding to TS1/3 on input line 407.
Package textcomp Info: Setting ptmx sub-encoding to TS1/4 on input line 408.
Package textcomp Info: Setting ptmj sub-encoding to TS1/4 on input line 409.
)) (/usr/local/texlive/2018/texmf-dist/tex/latex/lineno/lineno.sty
Package: lineno 2005/11/02 line numbers on paragraphs v4.41
\linenopenalty=\count103
\output=\toks23
\linenoprevgraf=\count104
\linenumbersep=\dimen147
\linenumberwidth=\dimen148
\c@linenumber=\count105
\c@pagewiselinenumber=\count106
\c@LN@truepage=\count107
\c@internallinenumber=\count108
\c@internallinenumbers=\count109
\quotelinenumbersep=\dimen149
\bframerule=\dimen150
\bframesep=\dimen151
\bframebox=\box33
LaTeX Info: Redefining \\ on input line 3056.
)
\c@FV@TrueTabGroupLevel=\count110
\c@FV@TrueTabCounter=\count111
\FV@TabBox@Group=\box34
\FV@TmpLength=\skip59
\c@FV@HighlightLinesStart=\count112
\c@FV@HighlightLinesStop=\count113
\FV@LoopCount=\count114
\FV@NCharsBox=\box35
\FV@BreakIndent=\dimen152
\FV@BreakIndentNChars=\count115
\FV@BreakSymbolSepLeft=\dimen153
\FV@BreakSymbolSepLeftNChars=\count116
\FV@BreakSymbolSepRight=\dimen154
\FV@BreakSymbolSepRightNChars=\count117
\FV@BreakSymbolIndentLeft=\dimen155
\FV@BreakSymbolIndentLeftNChars=\count118
\FV@BreakSymbolIndentRight=\dimen156
\FV@BreakSymbolIndentRightNChars=\count119
\c@FancyVerbLineBreakLast=\count120
\FV@LineBox=\box36
\FV@LineIndentBox=\box37
) (/usr/local/texlive/2018/texmf-dist/tex/latex/tools/shellesc.sty
Package: shellesc 2016/06/07 v0.02a unified shell escape interface for LaTeX
Package shellesc Info: Unrestricted shell escape enabled on input line 67.
) (/usr/local/texlive/2018/texmf-dist/tex/latex/ifplatform/ifplatform.sty
Package: ifplatform 2017/10/13 v0.4a Testing for the operating system
 (/usr/local/texlive/2018/texmf-dist/tex/generic/oberdiek/pdftexcmds.sty
Package: pdftexcmds 2018/01/30 v0.27 Utility functions of pdfTeX for LuaTeX (HO)
Package pdftexcmds Info: LuaTeX not detected.
Package pdftexcmds Info: \pdf@primitive is available.
Package pdftexcmds Info: \pdf@ifprimitive is available.
Package pdftexcmds Info: \pdfdraftmode found.
) (/usr/local/texlive/2018/texmf-dist/tex/generic/oberdiek/catchfile.sty
Package: catchfile 2016/05/16 v1.7 Catch the contents of a file (HO)
)
runsystem(uname -s > "Web-architechture-rapport.w18")...executed.

 (./Web-architechture-rapport.w18)
runsystem(rm -- "Web-architechture-rapport.w18")...executed.

) (/usr/local/texlive/2018/texmf-dist/tex/generic/xstring/xstring.sty (/usr/local/texlive/2018/texmf-dist/tex/generic/xstring/xstring.tex
\@xs@message=\write4
\integerpart=\count121
\decimalpart=\count122
)
Package: xstring 2013/10/13  v1.7c  String manipulations (C Tellechea)
) (/usr/local/texlive/2018/texmf-dist/tex/latex/framed/framed.sty
Package: framed 2011/10/22 v 0.96: framed or shaded text with page breaks
\OuterFrameSep=\skip60
\fb@frw=\dimen157
\fb@frh=\dimen158
\FrameRule=\dimen159
\FrameSep=\dimen160
) (/usr/local/texlive/2018/texmf-dist/tex/latex/float/float.sty
Package: float 2001/11/08 v1.3d Float enhancements (AL)
\c@float@type=\count123
\float@exts=\toks24
\float@box=\box38
\@float@everytoks=\toks25
\@floatcapt=\box39
)
\minted@appexistsfile=\read2
\minted@bgbox=\box40
\minted@code=\write5
\c@minted@FancyVerbLineTemp=\count124
\c@minted@pygmentizecounter=\count125
\@float@every@listing=\toks26
\c@listing=\count126
)
runsystem(mkdir -p _minted-Web-architechture-rapport)...executed.

 (/usr/local/texlive/2018/texmf-dist/tex/latex/hyperref/hyperref.sty
Package: hyperref 2018/02/06 v6.86b Hypertext links for LaTeX
 (/usr/local/texlive/2018/texmf-dist/tex/generic/oberdiek/hobsub-hyperref.sty
Package: hobsub-hyperref 2016/05/16 v1.14 Bundle oberdiek, subset hyperref (HO)
 (/usr/local/texlive/2018/texmf-dist/tex/generic/oberdiek/hobsub-generic.sty
Package: hobsub-generic 2016/05/16 v1.14 Bundle oberdiek, subset generic (HO)
Package: hobsub 2016/05/16 v1.14 Construct package bundles (HO)
Package hobsub Info: Skipping package `infwarerr' (already loaded).
Package hobsub Info: Skipping package `ltxcmds' (already loaded).
Package hobsub Info: Skipping package `ifluatex' (already loaded).
Package: ifvtex 2016/05/16 v1.6 Detect VTeX and its facilities (HO)
Package ifvtex Info: VTeX not detected.
Package: intcalc 2016/05/16 v1.2 Expandable calculations with integers (HO)
Package hobsub Info: Skipping package `ifpdf' (already loaded).
Package hobsub Info: Skipping package `etexcmds' (already loaded).
Package hobsub Info: Skipping package `kvsetkeys' (already loaded).
Package: kvdefinekeys 2016/05/16 v1.4 Define keys (HO)
Package hobsub Info: Skipping package `pdftexcmds' (already loaded).
Package: pdfescape 2016/05/16 v1.14 Implements pdfTeX's escape features (HO)
Package: bigintcalc 2016/05/16 v1.4 Expandable calculations on big integers (HO)
Package: bitset 2016/05/16 v1.2 Handle bit-vector datatype (HO)
Package: uniquecounter 2016/05/16 v1.3 Provide unlimited unique counter (HO)
)
Package hobsub Info: Skipping package `hobsub' (already loaded).
Package: letltxmacro 2016/05/16 v1.5 Let assignment for LaTeX macros (HO)
Package: hopatch 2016/05/16 v1.3 Wrapper for package hooks (HO)
Package: xcolor-patch 2016/05/16 xcolor patch
Package: atveryend 2016/05/16 v1.9 Hooks at the very end of document (HO)
Package hobsub Info: Skipping package `atbegshi' (already loaded).
Package: refcount 2016/05/16 v3.5 Data extraction from label references (HO)
Package: hycolor 2016/05/16 v1.8 Color options for hyperref/bookmark (HO)
) (/usr/local/texlive/2018/texmf-dist/tex/generic/ifxetex/ifxetex.sty
Package: ifxetex 2010/09/12 v0.6 Provides ifxetex conditional
) (/usr/local/texlive/2018/texmf-dist/tex/latex/oberdiek/auxhook.sty
Package: auxhook 2016/05/16 v1.4 Hooks for auxiliary files (HO)
)
\@linkdim=\dimen161
\Hy@linkcounter=\count127
\Hy@pagecounter=\count128
 (/usr/local/texlive/2018/texmf-dist/tex/latex/hyperref/pd1enc.def
File: pd1enc.def 2018/02/06 v6.86b Hyperref: PDFDocEncoding definition (HO)
Now handling font encoding PD1 ...
... no UTF-8 mapping file for font encoding PD1
)
\Hy@SavedSpaceFactor=\count129

(/usr/local/texlive/2018/texmf-dist/tex/latex/latexconfig/hyperref.cfg
File: hyperref.cfg 2002/06/06 v1.2 hyperref configuration of TeXLive
)
Package hyperref Info: Option `breaklinks' set `true' on input line 4383.
Package hyperref Info: Hyper figures OFF on input line 4509.
Package hyperref Info: Link nesting OFF on input line 4514.
Package hyperref Info: Hyper index ON on input line 4517.
Package hyperref Info: Plain pages OFF on input line 4524.
Package hyperref Info: Backreferencing OFF on input line 4529.
Package hyperref Info: Implicit mode ON; LaTeX internals redefined.
Package hyperref Info: Bookmarks ON on input line 4762.
\c@Hy@tempcnt=\count130
 (/usr/local/texlive/2018/texmf-dist/tex/latex/url/url.sty
\Urlmuskip=\muskip10
Package: url 2013/09/16  ver 3.4  Verb mode for urls, etc.
)
LaTeX Info: Redefining \url on input line 5115.
\XeTeXLinkMargin=\dimen162
\Fld@menulength=\count131
\Field@Width=\dimen163
\Fld@charsize=\dimen164
Package hyperref Info: Hyper figures OFF on input line 6369.
Package hyperref Info: Link nesting OFF on input line 6374.
Package hyperref Info: Hyper index ON on input line 6377.
Package hyperref Info: backreferencing OFF on input line 6384.
Package hyperref Info: Link coloring OFF on input line 6389.
Package hyperref Info: Link coloring with OCG OFF on input line 6394.
Package hyperref Info: PDF/A mode OFF on input line 6399.
LaTeX Info: Redefining \ref on input line 6439.
LaTeX Info: Redefining \pageref on input line 6443.
\Hy@abspage=\count132
\c@Item=\count133
\c@Hfootnote=\count134
)
Package hyperref Info: Driver (autodetected): hpdftex.
 (/usr/local/texlive/2018/texmf-dist/tex/latex/hyperref/hpdftex.def
File: hpdftex.def 2018/02/06 v6.86b Hyperref driver for pdfTeX
\Fld@listcount=\count135
\c@bookmark@seq@number=\count136
 (/usr/local/texlive/2018/texmf-dist/tex/latex/oberdiek/rerunfilecheck.sty
Package: rerunfilecheck 2016/05/16 v1.8 Rerun checks for auxiliary files (HO)
Package uniquecounter Info: New unique counter `rerunfilecheck' on input line 282.
)
\Hy@SectionHShift=\skip61
) (/usr/local/texlive/2018/texmf-dist/tex/latex/fncychap/fncychap.sty
Package: fncychap 2007/07/30 v1.34 LaTeX package (Revised chapters)
\RW=\skip62
\mylen=\skip63
\myhi=\skip64
\px=\skip65
\py=\skip66
\pyy=\skip67
\pxx=\skip68
) (/usr/local/texlive/2018/texmf-dist/tex/latex/blindtext/blindtext.sty
Package: blindtext 2012/01/06 V2.0 blindtext-Package
 (/usr/local/texlive/2018/texmf-dist/tex/latex/tools/xspace.sty
Package: xspace 2014/10/28 v1.13 Space after command names (DPC,MH)
)
\c@blindtext=\count137
\c@Blindtext=\count138
\c@blind@countparstart=\count139
\blind@countxx=\count140
\blindtext@numBlindtext=\count141
\blind@countyy=\count142
\c@blindlist=\count143
\c@blindlistlevel=\count144
\c@blindlist@level=\count145
\blind@listitem=\count146
\c@blind@listcount=\count147
\c@blind@levelcount=\count148
\blind@mathformula=\count149
\blind@Mathformula=\count150
\c@blind@randomcount=\count151
\c@blind@randommax=\count152
\c@blind@pangramcount=\count153
\c@blind@pangrammax=\count154
) (/usr/local/texlive/2018/texmf-dist/tex/latex/listings/listings.sty
\lst@mode=\count155
\lst@gtempboxa=\box41
\lst@token=\toks27
\lst@length=\count156
\lst@currlwidth=\dimen165
\lst@column=\count157
\lst@pos=\count158
\lst@lostspace=\dimen166
\lst@width=\dimen167
\lst@newlines=\count159
\lst@lineno=\count160
\lst@maxwidth=\dimen168
 (/usr/local/texlive/2018/texmf-dist/tex/latex/listings/lstmisc.sty
File: lstmisc.sty 2015/06/04 1.6 (Carsten Heinz)
\c@lstnumber=\count161
\lst@skipnumbers=\count162
\lst@framebox=\box42
) (/usr/local/texlive/2018/texmf-dist/tex/latex/listings/listings.cfg
File: listings.cfg 2015/06/04 1.6 listings configuration
))
Package: listings 2015/06/04 1.6 (Carsten Heinz)
 (/usr/local/texlive/2018/texmf-dist/tex/latex/tocloft/tocloft.sty
Package: tocloft 2017/08/31 v2.3i parameterised ToC, etc., typesetting
Package tocloft Info: The document has chapter divisions on input line 51.
\cftparskip=\skip69
\cftbeforetoctitleskip=\skip70
\cftaftertoctitleskip=\skip71
\cftbeforepartskip=\skip72
\cftpartnumwidth=\skip73
\cftpartindent=\skip74
\cftbeforechapskip=\skip75
\cftchapindent=\skip76
\cftchapnumwidth=\skip77
\cftbeforesecskip=\skip78
\cftsecindent=\skip79
\cftsecnumwidth=\skip80
\cftbeforesubsecskip=\skip81
\cftsubsecindent=\skip82
\cftsubsecnumwidth=\skip83
\cftbeforesubsubsecskip=\skip84
\cftsubsubsecindent=\skip85
\cftsubsubsecnumwidth=\skip86
\cftbeforeparaskip=\skip87
\cftparaindent=\skip88
\cftparanumwidth=\skip89
\cftbeforesubparaskip=\skip90
\cftsubparaindent=\skip91
\cftsubparanumwidth=\skip92
\cftbeforeloftitleskip=\skip93
\cftafterloftitleskip=\skip94
\cftbeforefigskip=\skip95
\cftfigindent=\skip96
\cftfignumwidth=\skip97
\c@lofdepth=\count163
\c@lotdepth=\count164
\cftbeforelottitleskip=\skip98
\cftafterlottitleskip=\skip99
\cftbeforetabskip=\skip100
\cfttabindent=\skip101
\cfttabnumwidth=\skip102
)

Package hyperref Warning: Option `bookmarks' has already been used,
(hyperref)                setting the option has no effect on input line 42.

Package hyperref Info: Option `colorlinks' set `true' on input line 42.

Package array Warning: Column S is already defined on input line 86.

runsystem(which pygmentize && touch Web-architechture-rapport.aex)...executed.

runsystem(rm Web-architechture-rapport.aex)...executed.

(./Web-architechture-rapport.aux)
\openout1 = `Web-architechture-rapport.aux'.

LaTeX Font Info:    Checking defaults for OML/cmm/m/it on input line 108.
LaTeX Font Info:    ... okay on input line 108.
LaTeX Font Info:    Checking defaults for T1/cmr/m/n on input line 108.
LaTeX Font Info:    ... okay on input line 108.
LaTeX Font Info:    Checking defaults for OT1/cmr/m/n on input line 108.
LaTeX Font Info:    ... okay on input line 108.
LaTeX Font Info:    Checking defaults for OMS/cmsy/m/n on input line 108.
LaTeX Font Info:    ... okay on input line 108.
LaTeX Font Info:    Checking defaults for OMX/cmex/m/n on input line 108.
LaTeX Font Info:    ... okay on input line 108.
LaTeX Font Info:    Checking defaults for U/cmr/m/n on input line 108.
LaTeX Font Info:    ... okay on input line 108.
LaTeX Font Info:    Checking defaults for TS1/cmr/m/n on input line 108.
LaTeX Font Info:    Try loading font information for TS1+cmr on input line 108.
 (/usr/local/texlive/2018/texmf-dist/tex/latex/base/ts1cmr.fd
File: ts1cmr.fd 2014/09/29 v2.5h Standard LaTeX font definitions
)
LaTeX Font Info:    ... okay on input line 108.
LaTeX Font Info:    Checking defaults for PD1/pdf/m/n on input line 108.
LaTeX Font Info:    ... okay on input line 108.
 (/usr/local/texlive/2018/texmf-dist/tex/context/base/mkii/supp-pdf.mkii
[Loading MPS to PDF converter (version 2006.09.02).]
\scratchcounter=\count165
\scratchdimen=\dimen169
\scratchbox=\box43
\nofMPsegments=\count166
\nofMParguments=\count167
\everyMPshowfont=\toks28
\MPscratchCnt=\count168
\MPscratchDim=\dimen170
\MPnumerator=\count169
\makeMPintoPDFobject=\count170
\everyMPtoPDFconversion=\toks29
) (/usr/local/texlive/2018/texmf-dist/tex/latex/oberdiek/epstopdf-base.sty
Package: epstopdf-base 2016/05/15 v2.6 Base part for package epstopdf
 (/usr/local/texlive/2018/texmf-dist/tex/latex/oberdiek/grfext.sty
Package: grfext 2016/05/16 v1.2 Manage graphics extensions (HO)
)
Package epstopdf-base Info: Redefining graphics rule for `.eps' on input line 438.
Package grfext Info: Graphics extension search list:
(grfext)             [.pdf,.png,.jpg,.mps,.jpeg,.jbig2,.jb2,.PDF,.PNG,.JPG,.JPEG,.JBIG2,.JB2,.eps]
(grfext)             \AppendGraphicsExtensions on input line 456.
 (/usr/local/texlive/2018/texmf-dist/tex/latex/latexconfig/epstopdf-sys.cfg
File: epstopdf-sys.cfg 2010/07/13 v1.3 Configuration of (r)epstopdf for TeX Live
))
\AtBeginShipoutBox=\box44
Package hyperref Info: Link coloring ON on input line 108.
 (/usr/local/texlive/2018/texmf-dist/tex/latex/hyperref/nameref.sty
Package: nameref 2016/05/21 v2.44 Cross-referencing by name of section
 (/usr/local/texlive/2018/texmf-dist/tex/generic/oberdiek/gettitlestring.sty
Package: gettitlestring 2016/05/16 v1.5 Cleanup title references (HO)
)
\c@section@level=\count171
)
LaTeX Info: Redefining \ref on input line 108.
LaTeX Info: Redefining \pageref on input line 108.
LaTeX Info: Redefining \nameref on input line 108.
 (./Web-architechture-rapport.out) (./Web-architechture-rapport.out)
\@outlinefile=\write6
\openout6 = `Web-architechture-rapport.out'.

\c@lstlisting=\count172
 (./section/FrontPage.tex
<Figures/Logo_ECAM.jpg, id=530, 1778.14313pt x 1350.54562pt>
File: Figures/Logo_ECAM.jpg Graphic file (type jpg)
<use Figures/Logo_ECAM.jpg>
Package pdftex.def Info: Figures/Logo_ECAM.jpg  used on input line 6.
(pdftex.def)             Requested size: 142.26378pt x 108.04585pt.
 [1

{/usr/local/texlive/2018/texmf-var/fonts/map/pdftex/updmap/pdftex.map} <./Figures/Logo_ECAM.jpg>]) (./Web-architechture-rapport.toc
LaTeX Font Info:    External font `cmex10' loaded for size
(Font)              <12> on input line 2.
LaTeX Font Info:    External font `cmex10' loaded for size
(Font)              <8> on input line 2.
LaTeX Font Info:    External font `cmex10' loaded for size
(Font)              <6> on input line 2.
pdfTeX warning (ext4): destination with the same identifier (name{page.1}) has been already used, duplicate ignored
<to be read again> 
                   \relax 
l.59 ...C {\`a} une session}{22}{subsection.3.1.6}
                                                   [1]
Overfull \hbox (5.15451pt too wide) in paragraph at lines 63--63
 [][] [][][]\T1/cmr/m/n/12 En tant qu'utilisateur, je veux pou-voir voir le nom-bre de séances 
 []

[2] [3]
Overfull \hbox (5.15451pt too wide) in paragraph at lines 542--542
 [][] [][][]\T1/cmr/m/n/12 En tant qu'utilisateur, je veux pou-voir voir le nom-bre de séances 
 []

)
\tf@toc=\write7
\openout7 = `Web-architechture-rapport.toc'.

 [4]
Chapter 1.
(./section/specification.tex [5

] [6]
<Mockup/Login.png, id=729, 1445.4pt x 646.415pt>
File: Mockup/Login.png Graphic file (type png)
<use Mockup/Login.png>
Package pdftex.def Info: Mockup/Login.png  used on input line 89.
(pdftex.def)             Requested size: 341.94652pt x 152.92348pt.
<Mockup/Accueil.png, id=731, 1445.4pt x 647.41875pt>
File: Mockup/Accueil.png Graphic file (type png)
<use Mockup/Accueil.png>
Package pdftex.def Info: Mockup/Accueil.png  used on input line 96.
(pdftex.def)             Requested size: 341.94652pt x 153.16093pt.
 [7 <./Mockup/Login.png> <./Mockup/Accueil.png>]
<Mockup/Inscription.png, id=740, 1445.4pt x 645.41125pt>
File: Mockup/Inscription.png Graphic file (type png)
<use Mockup/Inscription.png>
Package pdftex.def Info: Mockup/Inscription.png  used on input line 104.
(pdftex.def)             Requested size: 341.94652pt x 152.68602pt.
<Mockup/Month.png, id=741, 1445.4pt x 647.41875pt>
File: Mockup/Month.png Graphic file (type png)
<use Mockup/Month.png>
Package pdftex.def Info: Mockup/Month.png  used on input line 112.
(pdftex.def)             Requested size: 341.94652pt x 153.16093pt.
 [8 <./Mockup/Inscription.png> <./Mockup/Month.png>]
<Mockup/Admin-Session.png, id=750, 1445.4pt x 647.41875pt>
File: Mockup/Admin-Session.png Graphic file (type png)
<use Mockup/Admin-Session.png>
Package pdftex.def Info: Mockup/Admin-Session.png  used on input line 120.
(pdftex.def)             Requested size: 341.94652pt x 153.16093pt.
<Mockup/Admin-Nouvelle-Session.png, id=751, 1445.4pt x 647.41875pt>
File: Mockup/Admin-Nouvelle-Session.png Graphic file (type png)
<use Mockup/Admin-Nouvelle-Session.png>
Package pdftex.def Info: Mockup/Admin-Nouvelle-Session.png  used on input line 127.
(pdftex.def)             Requested size: 341.94652pt x 153.16093pt.
 [9 <./Mockup/Admin-Session.png> <./Mockup/Admin-Nouvelle-Session.png>]
<Mockup/Admin-Abonnement.png, id=760, 1445.4pt x 645.41125pt>
File: Mockup/Admin-Abonnement.png Graphic file (type png)
<use Mockup/Admin-Abonnement.png>
Package pdftex.def Info: Mockup/Admin-Abonnement.png  used on input line 134.
(pdftex.def)             Requested size: 341.94652pt x 152.68602pt.
) [10 <./Mockup/Admin-Abonnement.png>]
Chapter 2.
(./section/base_de_donnee.tex
<Figures/Entite-relation.png, id=767, 402.50375pt x 241.90375pt>
File: Figures/Entite-relation.png Graphic file (type png)
<use Figures/Entite-relation.png>
Package pdftex.def Info: Figures/Entite-relation.png  used on input line 3.
(pdftex.def)             Requested size: 341.94652pt x 205.5084pt.
 [11

 <./Figures/Entite-relation.png>]
<Figures/Diagramme-Relationnel.png, id=774, 901.3675pt x 473.77pt>
File: Figures/Diagramme-Relationnel.png Graphic file (type png)
<use Figures/Diagramme-Relationnel.png>
Package pdftex.def Info: Figures/Diagramme-Relationnel.png  used on input line 10.
(pdftex.def)             Requested size: 427.43153pt x 224.66718pt.

Overfull \hbox (11.74713pt too wide) in paragraph at lines 31--32
[] [][] [] 
 []


Overfull \hbox (2.17555pt too wide) in paragraph at lines 59--59
 []|\T1/cmr/m/n/12 Commentaire| 
 []


Overfull \hbox (3.16743pt too wide) in paragraph at lines 59--59
 []|\T1/cmr/m/n/12 varchar(45)| 
 []


Overfull \hbox (3.16743pt too wide) in paragraph at lines 59--59
 []|\T1/cmr/m/n/12 varchar(45)| 
 []


Overfull \hbox (2.81123pt too wide) in paragraph at lines 59--59
 []|\T1/cmr/m/n/12 abonnement| 
 []


Overfull \hbox (3.16743pt too wide) in paragraph at lines 59--59
 []|\T1/cmr/m/n/12 varchar(45)| 
 []


Overfull \hbox (3.16743pt too wide) in paragraph at lines 59--59
 []|\T1/cmr/m/n/12 varchar(45)| 
 []


Overfull \hbox (3.16743pt too wide) in paragraph at lines 59--59
 []|\T1/cmr/m/n/12 varchar(45)| 
 []


Overfull \hbox (3.16743pt too wide) in paragraph at lines 59--59
 []|\T1/cmr/m/n/12 varchar(45)| 
 []


Overfull \hbox (1.4719pt too wide) in paragraph at lines 59--59
 []|\T1/cmr/m/n/12 Abonnement 
 []


Overfull \hbox (11.74713pt too wide) in paragraph at lines 59--60
[] [][] [] 
 []

[12 <./Figures/Diagramme-Relationnel.png>]
Overfull \hbox (2.18208pt too wide) in paragraph at lines 80--80
 []|\T1/cmr/m/n/12 Commentaire| 
 []


Overfull \hbox (11.74713pt too wide) in paragraph at lines 80--81
[] [][] [] 
 []


Overfull \hbox (2.18208pt too wide) in paragraph at lines 96--96
 []|\T1/cmr/m/n/12 Commentaire| 
 []


Overfull \hbox (3.16743pt too wide) in paragraph at lines 96--96
 []|\T1/cmr/m/n/12 varchar(45)| 
 []


Overfull \hbox (11.74713pt too wide) in paragraph at lines 96--97
[] [][] [] 
 []

[13]
Overfull \hbox (2.18208pt too wide) in paragraph at lines 112--112
 []|\T1/cmr/m/n/12 Commentaire| 
 []


Overfull \hbox (11.74713pt too wide) in paragraph at lines 112--113
[] [][] [] 
 []


Overfull \hbox (0.7862pt too wide) in paragraph at lines 128--128
 []|\T1/cmr/m/n/12 Type| 
 []


Overfull \hbox (2.17555pt too wide) in paragraph at lines 128--128
 []|\T1/cmr/m/n/12 Commentaire| 
 []


Overfull \hbox (2.32437pt too wide) in paragraph at lines 128--128
 \T1/cmr/m/n/12 type_session| 
 []

)
Overfull \hbox (11.74713pt too wide) in paragraph at lines 128--144
[] [][] []
 []


Underfull \hbox (badness 10000) in paragraph at lines 128--144

 []

[14]
Chapter 3.
(./section/mvc.tex (./UserStories/US0.tex
<Figures/us0-1.png, id=798, 178.6675pt x 141.52875pt>
File: Figures/us0-1.png Graphic file (type png)
<use Figures/us0-1.png>
Package pdftex.def Info: Figures/us0-1.png  used on input line 8.
(pdftex.def)             Requested size: 212.35025pt x 168.21829pt.
 [15

 <./Figures/us0-1.png>]
<Figures/us0-2.png, id=810, 475.7775pt x 468.75125pt>
File: Figures/us0-2.png Graphic file (type png)
<use Figures/us0-2.png>
Package pdftex.def Info: Figures/us0-2.png  used on input line 14.
(pdftex.def)             Requested size: 212.35025pt x 209.21234pt.
 [16 <./Figures/us0-2.png>]
<Diagramme/sequence-us0.png, id=819, 796.32506pt x 614.295pt>
File: Diagramme/sequence-us0.png Graphic file (type png)
<use Diagramme/sequence-us0.png>
Package pdftex.def Info: Diagramme/sequence-us0.png  used on input line 25.
(pdftex.def)             Requested size: 424.70052pt x 327.61818pt.
) (./UserStories/US1.tex
<Figures/us1-1.png, id=823, 670.505pt x 840.13875pt>
File: Figures/us1-1.png Graphic file (type png)
<use Figures/us1-1.png>
Package pdftex.def Info: Figures/us1-1.png  used on input line 2.
(pdftex.def)             Requested size: 212.35025pt x 266.06807pt.


LaTeX Warning: `h' float specifier changed to `ht'.

[17 <./Diagramme/sequence-us0.png>]
<Diagramme/sequence-us1.png, id=835, 796.32506pt x 614.295pt>
File: Diagramme/sequence-us1.png Graphic file (type png)
<use Diagramme/sequence-us1.png>
Package pdftex.def Info: Diagramme/sequence-us1.png  used on input line 24.
(pdftex.def)             Requested size: 339.7617pt x 262.0983pt.


LaTeX Warning: `h' float specifier changed to `ht'.

) (./UserStories/US2.tex [18 <./Figures/us1-1.png>]
<Figures/us2-1.png, id=850, 1543.7675pt x 309.155pt>
File: Figures/us2-1.png Graphic file (type png)
<use Figures/us2-1.png>
Package pdftex.def Info: Figures/us2-1.png  used on input line 11.
(pdftex.def)             Requested size: 339.7617pt x 68.03789pt.
) [19 <./Diagramme/sequence-us1.png> <./Figures/us2-1.png>] (./UserStories/US3.tex
<Figures/us3-1.png, id=862, 524.96124pt x 405.515pt>
File: Figures/us3-1.png Graphic file (type png)
<use Figures/us3-1.png>
Package pdftex.def Info: Figures/us3-1.png  used on input line 2.
(pdftex.def)             Requested size: 212.35025pt x 164.03465pt.
) [20 <./Figures/us3-1.png>] (./UserStories/US4.tex
<Figures/us4-1.png, id=876, 457.71pt x 444.66125pt>
File: Figures/us4-1.png Graphic file (type png)
<use Figures/us4-1.png>
Package pdftex.def Info: Figures/us4-1.png  used on input line 5.
(pdftex.def)             Requested size: 212.35025pt x 206.29718pt.
) (./UserStories/US5.tex
<Figures/us5-1.png, id=881, 542.025pt x 329.23pt>
File: Figures/us5-1.png Graphic file (type png)
<use Figures/us5-1.png>
Package pdftex.def Info: Figures/us5-1.png  used on input line 2.
(pdftex.def)             Requested size: 212.35025pt x 128.98192pt.
 [21 <./Figures/us4-1.png>]) (./UserStories/US6.tex
<Figures/us6-1.png, id=899, 1578.89874pt x 157.58875pt>
File: Figures/us6-1.png Graphic file (type png)
<use Figures/us6-1.png>
Package pdftex.def Info: Figures/us6-1.png  used on input line 9.
(pdftex.def)             Requested size: 382.22786pt x 38.1491pt.


LaTeX Warning: `h' float specifier changed to `ht'.

<Figures/us6-2.png, id=900, 1584.92125pt x 250.9375pt>
File: Figures/us6-2.png Graphic file (type png)
<use Figures/us6-2.png>
Package pdftex.def Info: Figures/us6-2.png  used on input line 15.
(pdftex.def)             Requested size: 382.22786pt x 60.51723pt.

LaTeX Warning: `h' float specifier changed to `ht'.

[22 <./Figures/us5-1.png>]) [23 <./Figures/us6-1.png> <./Figures/us6-2.png>] (./UserStories/US7.tex
<Figures/us7-1.png, id=928, 291.0875pt x 190.7125pt>
File: Figures/us7-1.png Graphic file (type png)
<use Figures/us7-1.png>
Package pdftex.def Info: Figures/us7-1.png  used on input line 9.
(pdftex.def)             Requested size: 212.35025pt x 139.12874pt.
<Figures/us7-2.png, id=929, 1910.13625pt x 463.7325pt>
File: Figures/us7-2.png Graphic file (type png)
<use Figures/us7-2.png>
Package pdftex.def Info: Figures/us7-2.png  used on input line 15.
(pdftex.def)             Requested size: 382.22786pt x 92.79437pt.
) (./UserStories/US8.tex [24 <./Figures/us7-1.png> <./Figures/us7-2.png>]
File: Figures/us7-1.png Graphic file (type png)
<use Figures/us7-1.png>
Package pdftex.def Info: Figures/us7-1.png  used on input line 11.
(pdftex.def)             Requested size: 169.87761pt x 111.30008pt.
<Figures/us8-1.png, id=946, 515.9275pt x 359.3425pt>
File: Figures/us8-1.png Graphic file (type png)
<use Figures/us8-1.png>
Package pdftex.def Info: Figures/us8-1.png  used on input line 17.
(pdftex.def)             Requested size: 169.87761pt x 118.32019pt.
 [25 <./Figures/us8-1.png>]
<Figures/us8-2.png, id=959, 763.85374pt x 765.86125pt>
File: Figures/us8-2.png Graphic file (type png)
<use Figures/us8-2.png>
Package pdftex.def Info: Figures/us8-2.png  used on input line 23.
(pdftex.def)             Requested size: 169.87761pt x 170.3247pt.
) (./UserStories/US9.tex [26 <./Figures/us8-2.png>]
<Figures/us9-1.png, id=976, 334.24875pt x 352.31625pt>
File: Figures/us9-1.png Graphic file (type png)
<use Figures/us9-1.png>
Package pdftex.def Info: Figures/us9-1.png  used on input line 12.
(pdftex.def)             Requested size: 169.87761pt x 179.06606pt.
<Figures/us9-2.png, id=977, 756.8275pt x 326.21875pt>
File: Figures/us9-2.png Graphic file (type png)
<use Figures/us9-2.png>
Package pdftex.def Info: Figures/us9-2.png  used on input line 18.
(pdftex.def)             Requested size: 339.7617pt x 146.44864pt.
) [27 <./Figures/us9-1.png> <./Figures/us9-2.png>] (./UserStories/US10.tex
<Figures/us10-1.png, id=990, 334.24875pt x 352.31625pt>
File: Figures/us10-1.png Graphic file (type png)
<use Figures/us10-1.png>
Package pdftex.def Info: Figures/us10-1.png  used on input line 13.
(pdftex.def)             Requested size: 169.87761pt x 179.06606pt.
<Figures/us10-2.png, id=991, 718.685pt x 498.86375pt>
File: Figures/us10-2.png Graphic file (type png)
<use Figures/us10-2.png>
Package pdftex.def Info: Figures/us10-2.png  used on input line 19.
(pdftex.def)             Requested size: 254.82289pt x 176.88092pt.


LaTeX Warning: `h' float specifier changed to `ht'.

[28 <./Figures/us10-1.png>] [29 <./Figures/us10-2.png>]
<Diagramme/sequence-us11.png, id=1012, 796.32506pt x 614.295pt>
File: Diagramme/sequence-us11.png Graphic file (type png)
<use Diagramme/sequence-us11.png>
Package pdftex.def Info: Diagramme/sequence-us11.png  used on input line 32.
(pdftex.def)             Requested size: 424.70052pt x 327.61818pt.
) [30 <./Diagramme/sequence-us11.png>]
Overfull \hbox (5.83006pt too wide) in paragraph at lines 50--50
|[]\T1/cmr/bx/n/14.4 En tant qu'administrateur, je dois pou-voir gérer les abon-
 []

(./UserStories/US11.tex
<Figures/us11-1.png, id=1025, 334.24875pt x 352.31625pt>
File: Figures/us11-1.png Graphic file (type png)
<use Figures/us11-1.png>
Package pdftex.def Info: Figures/us11-1.png  used on input line 9.
(pdftex.def)             Requested size: 169.87761pt x 179.06606pt.
<Figures/us11-2.png, id=1026, 1494.58376pt x 361.35pt>
File: Figures/us11-2.png Graphic file (type png)
<use Figures/us11-2.png>
Package pdftex.def Info: Figures/us11-2.png  used on input line 16.
(pdftex.def)             Requested size: 212.35025pt x 51.33852pt.
)) [31 <./Figures/us11-1.png> <./Figures/us11-2.png>]
Chapter 4.
(./section/api.tex
Overfull \hbox (2.92708pt too wide) in paragraph at lines 31--31
 []|\T1/cmr/m/n/10 getTypeSession| 
 []


Overfull \hbox (43.9863pt too wide) in paragraph at lines 31--32
 [] 
 []

[32

]
Overfull \hbox (5.82913pt too wide) in paragraph at lines 68--68
 []|\T1/cmr/m/n/10 editTypeSession| 
 []


Overfull \hbox (1.7551pt too wide) in paragraph at lines 68--68
 []|\T1/cmr/m/n/12 DELETE| 
 []


Overfull \hbox (1.7551pt too wide) in paragraph at lines 68--68
 []|\T1/cmr/m/n/12 DELETE| 
 []


Overfull \hbox (1.7551pt too wide) in paragraph at lines 68--68
 []|\T1/cmr/m/n/12 DELETE| 
 []


Overfull \hbox (1.7551pt too wide) in paragraph at lines 68--68
 []|\T1/cmr/m/n/12 DELETE| 
 []


Underfull \hbox (badness 10000) in alignment at lines 68--68
[][][][][] 
 []


Overfull \hbox (43.9863pt too wide) in paragraph at lines 68--69
 [] 
 []

[33] (./Requete/api.tex
Underfull \hbox (badness 10000) in alignment at lines 52--52
[][][][] 
 []

[34] (./JSON/json-api.tex
LaTeX Font Info:    Try loading font information for T1+cmtt on input line 1.
 (/usr/local/texlive/2018/texmf-dist/tex/latex/base/t1cmtt.fd
File: t1cmtt.fd 2014/09/29 v2.5h Standard LaTeX font definitions
))) (./Requete/api_month.tex
Underfull \hbox (badness 10000) in alignment at lines 15--15
[][][][] 
 []

[35]
Underfull \hbox (badness 10000) in alignment at lines 59--59
[][][][] 
 []

[36] (./JSON/json-month.tex)) (./Requete/api_profile.tex
Underfull \hbox (badness 10000) in alignment at lines 13--13
[][][][] 
 []

[37]
Underfull \hbox (badness 10000) in alignment at lines 73--73
[][][][] 
 []

[38] (./JSON/json-profile.tex)) [39] (./Requete/api_admin_abonnement.tex
Overfull \hbox (1.79211pt too wide) in paragraph at lines 71--71
 []|\T1/cmr/m/n/10 JSON<TypeSession>| 
 []


Underfull \hbox (badness 10000) in alignment at lines 71--71
[][][][] 
 []

[40] [41] (./JSON/json-admin-abonnement.tex)) [42] (./Requete/api_type_session.tex
Underfull \hbox (badness 10000) in alignment at lines 60--60
[][][][] 
 []

[43] (./JSON/json-type-session.tex)) (./Requete/api_admin_renewAbo.tex
Underfull \hbox (badness 10000) in alignment at lines 22--22
[][][][] 
 []

[44] (./JSON/json-admin-renewAbo.tex)
Underfull \hbox (badness 10000) in alignment at lines 47--47
[][][][] 
 []

(./JSON/json-result.tex)) (./Requete/api_admin_editAbo.tex [45]
Underfull \hbox (badness 10000) in alignment at lines 28--28
[][][][] 
 []

(./JSON/json-admin-editAbo.tex)
Underfull \hbox (badness 10000) in alignment at lines 52--52
[][][][] 
 []

[46] (./JSON/json-result.tex)) (./Requete/api_admin_cancel.tex
Underfull \hbox (badness 10000) in alignment at lines 22--22
[][][][] 
 []

(./JSON/json-admin-renewAbo.tex) [47]
Underfull \hbox (badness 10000) in alignment at lines 47--47
[][][][] 
 []

(./JSON/json-result.tex)) (./Requete/api_admin_recreate.tex
Underfull \hbox (badness 10000) in alignment at lines 24--24
[][][][] 
 []

[48] (./JSON/json-admin-recreate.tex)
Underfull \hbox (badness 10000) in alignment at lines 48--48
[][][][] 
 []

(./JSON/json-result.tex)) [49] (./Requete/api_admin_autocreate.tex
Underfull \hbox (badness 10000) in alignment at lines 26--26
[][][][] 
 []

(./JSON/json-admin-autocreate.tex)
Underfull \hbox (badness 10000) in alignment at lines 50--50
[][][][] 
 []

[50] (./JSON/json-result.tex)) (./Requete/api_editProfile.tex
Underfull \hbox (badness 10000) in alignment at lines 40--40
[][][][] 
 []

[51] (./JSON/json-editProfile.tex)
Underfull \hbox (badness 10000) in alignment at lines 64--64
[][][][] 
 []

(./JSON/json-result.tex)) (./Requete/api_type_session_post.tex [52]
Underfull \hbox (badness 10000) in alignment at lines 26--26
[][][][] 
 []

[53] (./JSON/json-type-session-post.tex)
Underfull \hbox (badness 10000) in alignment at lines 51--51
[][][][] 
 []

(./JSON/json-result.tex)) [54] (./Requete/api_admin_session_delete.tex
Underfull \hbox (badness 10000) in alignment at lines 13--13
[][][][] 
 []


Underfull \hbox (badness 10000) in alignment at lines 41--41
[][][][] 
 []

(./JSON/json-result.tex)) [55] (./Requete/api_desinscription.tex
Underfull \hbox (badness 10000) in alignment at lines 15--15
[][][][] 
 []


Underfull \hbox (badness 10000) in alignment at lines 43--43
[][][][] 
 []

(./JSON/json-result.tex)) [56] (./Requete/api_type_session_delete.tex
Underfull \hbox (badness 10000) in alignment at lines 13--13
[][][][] 
 []


Underfull \hbox (badness 10000) in alignment at lines 41--41
[][][][] 
 []

(./JSON/json-result.tex)) [57] (./Requete/api_admin_user.tex
Underfull \hbox (badness 10000) in alignment at lines 13--13
[][][][] 
 []


Underfull \hbox (badness 10000) in alignment at lines 41--41
[][][][] 
 []

(./JSON/json-result.tex)) (./Requete/api_login.tex [58]
Underfull \hbox (badness 10000) in alignment at lines 24--24
[][][][] 
 []

(./JSON/json-login.tex)
Underfull \hbox (badness 10000) in alignment at lines 48--48
[][][][] 
 []

[59] (./JSON/json-result.tex)) [60] (./Requete/api_admin_session_put.tex
Underfull \hbox (badness 10000) in alignment at lines 30--30
[][][][] 
 []

(./JSON/json-admin-session-put.tex)
Underfull \hbox (badness 10000) in alignment at lines 54--54
[][][][] 
 []

[61] (./JSON/json-result.tex)) (./Requete/api_Inscription.tex
Underfull \hbox (badness 10000) in alignment at lines 24--24
[][][][] 
 []

(./JSON/json-Inscription.tex) [62]
Underfull \hbox (badness 10000) in alignment at lines 48--48
[][][][] 
 []

(./JSON/json-result.tex)) (./Requete/api_type_session_put.tex
Underfull \hbox (badness 10000) in alignment at lines 26--26
[][][][] 
 []

[63] (./JSON/json-type-session-post.tex)
Underfull \hbox (badness 10000) in alignment at lines 50--50
[][][][] 
 []

(./JSON/json-result.tex)) [64] (./Requete/api_register.tex
Overfull \hbox (24.54187pt too wide) in paragraph at lines 46--46
 []|\T1/cmr/m/n/12 passwordConfirmation| 
 []


Underfull \hbox (badness 10000) in alignment at lines 46--46
[][][][] 
 []

[65] (./JSON/json-register.tex)
Underfull \hbox (badness 10000) in alignment at lines 71--71
[][][][] 
 []

(./JSON/json-result.tex))) [66]
Chapter 5.

Overfull \hbox (18.0574pt too wide) in paragraph at lines 158--158
|[]\T1/cmr/bx/n/29.86 Séparation back-end fron-tend| 
 []

(./section/separation_backend_frontend.tex [67

] (./UserStoriesAngular/US12.tex
<Figures/us12-1.png, id=1833, 197.73875pt x 284.06125pt>
File: Figures/us12-1.png Graphic file (type png)
<use Figures/us12-1.png>
Package pdftex.def Info: Figures/us12-1.png  used on input line 14.
(pdftex.def)             Requested size: 127.41144pt x 183.03387pt.
 [68 <./Figures/us12-1.png>]
<Figures/us12-2.png, id=1849, 344.28625pt x 145.54375pt>
File: Figures/us12-2.png Graphic file (type png)
<use Figures/us12-2.png>
Package pdftex.def Info: Figures/us12-2.png  used on input line 20.
(pdftex.def)             Requested size: 212.35025pt x 89.7698pt.
<Figures/us12-3.png, id=1850, 407.5225pt x 326.21875pt>
File: Figures/us12-3.png Graphic file (type png)
<use Figures/us12-3.png>
Package pdftex.def Info: Figures/us12-3.png  used on input line 26.
(pdftex.def)             Requested size: 212.35025pt x 169.98315pt.
 [69 <./Figures/us12-2.png> <./Figures/us12-3.png>]
<Diagramme/sequence-us12.png, id=1860, 796.32506pt x 614.295pt>
File: Diagramme/sequence-us12.png Graphic file (type png)
<use Diagramme/sequence-us12.png>
Package pdftex.def Info: Diagramme/sequence-us12.png  used on input line 40.
(pdftex.def)             Requested size: 424.70052pt x 327.61818pt.
) [70 <./Diagramme/sequence-us12.png>] (./UserStoriesAngular/US13.tex
<Figures/us13-1.png, id=1873, 197.73875pt x 284.06125pt>
File: Figures/us13-1.png Graphic file (type png)
<use Figures/us13-1.png>
Package pdftex.def Info: Figures/us13-1.png  used on input line 14.
(pdftex.def)             Requested size: 169.87761pt x 244.04083pt.
 [71 <./Figures/us13-1.png>]
<Figures/us13-2.png, id=1888, 1498.59875pt x 163.61125pt>
File: Figures/us13-2.png Graphic file (type png)
<use Figures/us13-2.png>
Package pdftex.def Info: Figures/us13-2.png  used on input line 20.
(pdftex.def)             Requested size: 382.22786pt x 41.72905pt.
<Figures/us13-3.png, id=1889, 321.2pt x 277.035pt>
File: Figures/us13-3.png Graphic file (type png)
<use Figures/us13-3.png>
Package pdftex.def Info: Figures/us13-3.png  used on input line 26.
(pdftex.def)             Requested size: 169.87761pt x 146.52348pt.
) [72 <./Figures/us13-2.png> <./Figures/us13-3.png>] (./UserStoriesAngular/US14.tex
File: Figures/us13-1.png Graphic file (type png)
<use Figures/us13-1.png>
Package pdftex.def Info: Figures/us13-1.png  used on input line 14.
(pdftex.def)             Requested size: 169.87761pt x 244.04083pt.
<Figures/us14-1.png, id=1908, 1547.7825pt x 169.63374pt>
File: Figures/us14-1.png Graphic file (type png)
<use Figures/us14-1.png>
Package pdftex.def Info: Figures/us14-1.png  used on input line 20.
(pdftex.def)             Requested size: 382.22786pt x 41.89064pt.
 [73 <./Figures/us14-1.png>]
<Figures/us14-2.png, id=1924, 277.035pt x 242.9075pt>
File: Figures/us14-2.png Graphic file (type png)
<use Figures/us14-2.png>
Package pdftex.def Info: Figures/us14-2.png  used on input line 26.
(pdftex.def)             Requested size: 169.87761pt x 148.9517pt.
) (./UserStoriesAngular/US15.tex [74 <./Figures/us14-2.png>]
<Figures/us15-1.png, id=1944, 197.73875pt x 284.06125pt>
File: Figures/us15-1.png Graphic file (type png)
<use Figures/us15-1.png>
Package pdftex.def Info: Figures/us15-1.png  used on input line 14.
(pdftex.def)             Requested size: 169.87761pt x 244.04083pt.
<Figures/us15-2.png, id=1945, 1675.25874pt x 196.735pt>
File: Figures/us15-2.png Graphic file (type png)
<use Figures/us15-2.png>
Package pdftex.def Info: Figures/us15-2.png  used on input line 20.
(pdftex.def)             Requested size: 424.70052pt x 49.87405pt.
<Figures/us15-3.png, id=1946, 651.43375pt x 231.86626pt>
File: Figures/us15-3.png Graphic file (type png)
<use Figures/us15-3.png>
Package pdftex.def Info: Figures/us15-3.png  used on input line 26.
(pdftex.def)             Requested size: 212.35025pt x 75.58206pt.
) [75 <./Figures/us15-1.png> <./Figures/us15-2.png> <./Figures/us15-3.png>] (./UserStoriesAngular/US16.tex
<Figures/us16-1.png, id=1963, 197.73875pt x 284.06125pt>
File: Figures/us16-1.png Graphic file (type png)
<use Figures/us16-1.png>
Package pdftex.def Info: Figures/us16-1.png  used on input line 16.
(pdftex.def)             Requested size: 169.87761pt x 244.04083pt.
 [76 <./Figures/us16-1.png>]
<Figures/us16-2.png, id=1980, 542.025pt x 406.51875pt>
File: Figures/us16-2.png Graphic file (type png)
<use Figures/us16-2.png>
Package pdftex.def Info: Figures/us16-2.png  used on input line 22.
(pdftex.def)             Requested size: 169.87761pt x 127.40897pt.
<Figures/us16-3.png, id=1981, 313.17pt x 690.58pt>
File: Figures/us16-3.png Graphic file (type png)
<use Figures/us16-3.png>
Package pdftex.def Info: Figures/us16-3.png  used on input line 28.
(pdftex.def)             Requested size: 127.41144pt x 280.95839pt.
 [77 <./Figures/us16-2.png> <./Figures/us16-3.png>]
<Diagramme/sequence-us16.png, id=1991, 912.40875pt x 701.92238pt>
File: Diagramme/sequence-us16.png Graphic file (type png)
<use Diagramme/sequence-us16.png>
Package pdftex.def Info: Diagramme/sequence-us16.png  used on input line 42.
(pdftex.def)             Requested size: 424.70052pt x 326.72256pt.
) [78 <./Diagramme/sequence-us16.png>] (./UserStoriesAngular/US0.tex
Overfull \hbox (47.08322pt too wide) in paragraph at lines 3--4
[]\T1/cmr/m/n/12 Réalisation d'une re-quête POST via l'api REST per-me-t-tant d'effectuer l'authentification
 []

[79]
<Diagramme/sequence-us0-angular.png, id=2010, 778.70924pt x 771.93394pt>
File: Diagramme/sequence-us0-angular.png Graphic file (type png)
<use Diagramme/sequence-us0-angular.png>
Package pdftex.def Info: Diagramme/sequence-us0-angular.png  used on input line 14.
(pdftex.def)             Requested size: 424.70052pt x 421.0078pt.
 [80 <./Diagramme/sequence-us0-angular.png>]) [81] (./UserStoriesAngular/US1.tex
<Diagramme/sequence-us1-angular.png, id=2031, 986.03381pt x 771.93394pt>
File: Diagramme/sequence-us1-angular.png Graphic file (type png)
<use Diagramme/sequence-us1-angular.png>
Package pdftex.def Info: Diagramme/sequence-us1-angular.png  used on input line 12.
(pdftex.def)             Requested size: 424.70052pt x 332.47873pt.
 [82 <./Diagramme/sequence-us1-angular.png>]) (./UserStoriesAngular/US2.tex) (./UserStoriesAngular/US3.tex [83]) (./UserStoriesAngular/US4.tex [84]
<Figures/us4-1-angular.png, id=2070, 356.33125pt x 660.4675pt>
File: Figures/us4-1-angular.png Graphic file (type png)
<use Figures/us4-1-angular.png>
Package pdftex.def Info: Figures/us4-1-angular.png  used on input line 11.
(pdftex.def)             Requested size: 212.35025pt x 393.59274pt.
 [85 <./Figures/us4-1-angular.png>]
File: Diagramme/sequence-us1-angular.png Graphic file (type png)
<use Diagramme/sequence-us1-angular.png>
Package pdftex.def Info: Diagramme/sequence-us1-angular.png  used on input line 19.
(pdftex.def)             Requested size: 424.70052pt x 332.47873pt.
) [86] (./UserStoriesAngular/US5.tex) [87] (./UserStoriesAngular/US6.tex
<Figures/us5-1-angular.png, id=2104, 438.63875pt x 250.9375pt>
File: Figures/us5-1-angular.png Graphic file (type png)
<use Figures/us5-1-angular.png>
Package pdftex.def Info: Figures/us5-1-angular.png  used on input line 8.
(pdftex.def)             Requested size: 254.82289pt x 145.78123pt.
) [88 <./Figures/us5-1-angular.png>] (./UserStoriesAngular/US7.tex) [89] (./UserStoriesAngular/US8.tex
<Figures/us8-1-angular.png, id=2129, 233.87375pt x 508.90125pt>
File: Figures/us8-1-angular.png Graphic file (type png)
<use Figures/us8-1-angular.png>
Package pdftex.def Info: Figures/us8-1-angular.png  used on input line 8.
(pdftex.def)             Requested size: 169.87761pt x 369.66223pt.
) [90 <./Figures/us8-1-angular.png>] (./UserStoriesAngular/US9.tex) (./UserStoriesAngular/US10.tex)
Overfull \hbox (5.83006pt too wide) in paragraph at lines 82--82
|[]\T1/cmr/bx/n/14.4 En tant qu'administrateur, je dois pou-voir gérer les abon-
 []

(./UserStoriesAngular/US11.tex [91])) [92]
Chapter 6.
(./section/conclusion.tex [93

] [94] [95]) [96]
Chapter 7.
Package atveryend Info: Empty hook `BeforeClearDocument' on input line 179.
[97

]
Package atveryend Info: Empty hook `AfterLastShipout' on input line 179.
 (./Web-architechture-rapport.aux)
Package atveryend Info: Executing hook `AtVeryEndDocument' on input line 179.
Package atveryend Info: Executing hook `AtEndAfterFileList' on input line 179.
Package rerunfilecheck Info: File `Web-architechture-rapport.out' has not changed.
(rerunfilecheck)             Checksum: 49DFC345B74CB7524574D6FAEAA11650;10940.
 ) 
Here is how much of TeX's memory you used:
 15138 strings out of 492649
 238293 string characters out of 6129622
 408544 words of memory out of 5000000
 17408 multiletter control sequences out of 15000+600000
 16952 words of font info for 38 fonts, out of 8000000 for 9000
 1141 hyphenation exceptions out of 8191
 39i,12n,66p,858b,1174s stack positions out of 5000i,500n,10000p,200000b,80000s
{/usr/local/texlive/2018/texmf-dist/fonts/enc/dvips/cm-super/cm-super-t1.enc}{/usr/local/texlive/2018/texmf-dist/fonts/enc/dvips/cm-super/cm-super-ts1.enc}</usr/local/texlive/2018/texmf-dist/fonts/type1/public/cm-super/sfbx1200.pfb></usr/local/texlive/2018/texmf-dist/fonts/type1/public/cm-super/sfbx1440.pfb></usr/local/texlive/2018/texmf-dist/fonts/type1/public/cm-super/sfbx1728.pfb></usr/local/texlive/2018/texmf-dist/fonts/type1/public/cm-super/sfbx2986.pfb></usr/local/texlive/2018/texmf-dist/fonts/type1/public/cm-super/sfrm0800.pfb></usr/local/texlive/2018/texmf-dist/fonts/type1/public/cm-super/sfrm1000.pfb></usr/local/texlive/2018/texmf-dist/fonts/type1/public/cm-super/sfrm1095.pfb></usr/local/texlive/2018/texmf-dist/fonts/type1/public/cm-super/sfrm1200.pfb></usr/local/texlive/2018/texmf-dist/fonts/type1/public/cm-super/sfrm1440.pfb></usr/local/texlive/2018/texmf-dist/fonts/type1/public/cm-super/sfrm3583.pfb></usr/local/texlive/2018/texmf-dist/fonts/type1/public/cm-super/sfti1200.pfb></usr/local/texlive/2018/texmf-dist/fonts/type1/public/cm-super/sftt1200.pfb>
Output written on Web-architechture-rapport.pdf (98 pages, 2213334 bytes).
PDF statistics:
 2458 PDF objects out of 2487 (max. 8388607)
 2218 compressed objects within 23 object streams
 1053 named destinations out of 1200 (max. 500000)
 1314 words of extra memory for PDF output out of 10000 (max. 10000000)

