\BOOKMARK [0][-]{chapter.1}{Sp\351cification}{}% 1
\BOOKMARK [1][-]{section.1.1}{Objectif du site}{chapter.1}% 2
\BOOKMARK [1][-]{section.1.2}{Acteur}{chapter.1}% 3
\BOOKMARK [1][-]{section.1.3}{User Stories}{chapter.1}% 4
\BOOKMARK [1][-]{section.1.4}{Contrainte non fonctionnelles}{chapter.1}% 5
\BOOKMARK [1][-]{section.1.5}{Mockup}{chapter.1}% 6
\BOOKMARK [2][-]{subsection.1.5.1}{Login}{section.1.5}% 7
\BOOKMARK [2][-]{subsection.1.5.2}{Accueil}{section.1.5}% 8
\BOOKMARK [2][-]{subsection.1.5.3}{Inscription}{section.1.5}% 9
\BOOKMARK [2][-]{subsection.1.5.4}{Month}{section.1.5}% 10
\BOOKMARK [2][-]{subsection.1.5.5}{Admin - Session}{section.1.5}% 11
\BOOKMARK [2][-]{subsection.1.5.6}{Admin - Nouvelle session}{section.1.5}% 12
\BOOKMARK [2][-]{subsection.1.5.7}{Admin - Abonnement}{section.1.5}% 13
\BOOKMARK [2][-]{subsection.1.5.8}{Admin - Type Session}{section.1.5}% 14
\BOOKMARK [0][-]{chapter.2}{Base de donn\351e}{}% 15
\BOOKMARK [1][-]{section.2.1}{Diagramme Entit\351 relation}{chapter.2}% 16
\BOOKMARK [1][-]{section.2.2}{Diagramme Relationnel}{chapter.2}% 17
\BOOKMARK [1][-]{section.2.3}{Description des tables et des relations entre tables}{chapter.2}% 18
\BOOKMARK [1][-]{section.2.4}{Description pr\351cise des champs}{chapter.2}% 19
\BOOKMARK [2][-]{subsection.2.4.1}{Table : Person}{section.2.4}% 20
\BOOKMARK [2][-]{subsection.2.4.2}{Table : Session}{section.2.4}% 21
\BOOKMARK [2][-]{subsection.2.4.3}{Table : Type\137Session}{section.2.4}% 22
\BOOKMARK [2][-]{subsection.2.4.4}{Table : inscription}{section.2.4}% 23
\BOOKMARK [2][-]{subsection.2.4.5}{Table : lien\137person\137type\137session}{section.2.4}% 24
\BOOKMARK [0][-]{chapter.3}{MVC}{}% 25
\BOOKMARK [1][-]{section.3.1}{En tant qu\220utilisateur, je dois pouvoir me cr\351er un compte sur le site}{chapter.3}% 26
\BOOKMARK [2][-]{subsection.3.1.1}{Gestion des erreurs et s\351curit\351}{section.3.1}% 27
\BOOKMARK [2][-]{subsection.3.1.2}{Diagramme de s\351quence}{section.3.1}% 28
\BOOKMARK [2][-]{subsection.3.1.3}{Script concern\351s}{section.3.1}% 29
\BOOKMARK [1][-]{section.3.2}{En tant qu'utilisateur, je dois pouvoir s\351lectionner le mois et l'ann\351e pour afficher les sessions qui m'int\351resse}{chapter.3}% 30
\BOOKMARK [1][-]{section.3.3}{En tant qu\220utilisateur, je dois pouvoir m\220inscrire \340 une session un certain jour}{chapter.3}% 31
\BOOKMARK [1][-]{section.3.4}{En tant qu\220utilisateur, je dois pouvoir \352tre inscrit automatiquement \340 une session}{chapter.3}% 32
\BOOKMARK [2][-]{subsection.3.4.1}{Gestion des erreurs}{section.3.4}% 33
\BOOKMARK [1][-]{section.3.5}{En tant qu\220utilisateur, je dois pouvoir me d\351sinscrire \340 une session}{chapter.3}% 34
\BOOKMARK [1][-]{section.3.6}{En tant qu\220utilisateur, je dois pouvoir voir qui est inscrit pour chaque session}{chapter.3}% 35
\BOOKMARK [1][-]{section.3.7}{En tant qu\220utilisateur, je veux pouvoir voir dynamiquement le nombre de s\351ance qui reste dans mon abonnement}{chapter.3}% 36
\BOOKMARK [1][-]{section.3.8}{En tant qu'utilisateur, je veux pouvoir modifier mon profile}{chapter.3}% 37
\BOOKMARK [1][-]{section.3.9}{En tant qu'utilisateur, je veux pouvoir m'inscrire a une session uniquement si il me reste des abonnements a disposition}{chapter.3}% 38
\BOOKMARK [1][-]{section.3.10}{En tant qu\220administrateur, je dois pouvoir annuler une session}{chapter.3}% 39
\BOOKMARK [1][-]{section.3.11}{En tant qu'administrateur, je dois pouvoir cr\351er une nouvelle session peut importe la date}{chapter.3}% 40
\BOOKMARK [2][-]{subsection.3.11.1}{Gestion des erreurs}{section.3.11}% 41
\BOOKMARK [2][-]{subsection.3.11.2}{Diagramme de s\351quence}{section.3.11}% 42
\BOOKMARK [2][-]{subsection.3.11.3}{Script concern\351}{section.3.11}% 43
\BOOKMARK [1][-]{section.3.12}{En tant qu'administrateur, je dois pouvoir g\351rer les abonnement des utilisateurs}{chapter.3}% 44
\BOOKMARK [1][-]{section.3.13}{En tant qu'administrateur, je veux pouvoir supprimer un utilisateur du syst\350me}{chapter.3}% 45
\BOOKMARK [1][-]{section.3.14}{En tant qu'administrateur, je dois pouvoir g\351n\351rer les sessions pour un nombre d'ann\351e}{chapter.3}% 46
\BOOKMARK [0][-]{chapter.4}{API}{}% 47
\BOOKMARK [1][-]{section.4.1}{Tableau recapitulatif}{chapter.4}% 48
\BOOKMARK [1][-]{section.4.2}{/api}{chapter.4}% 49
\BOOKMARK [2][-]{subsection.4.2.1}{R\351ponse}{section.4.2}% 50
\BOOKMARK [0][-]{chapter.5}{S\351paration backend frontend}{}% 51
\BOOKMARK [0][-]{chapter.6}{Conclusion}{}% 52
